f:\myvsproject\connectplayermfc\connectplayermfc\debug\connectplayermfc.pch
f:\myvsproject\connectplayermfc\connectplayermfc\debug\vc140.pdb
f:\myvsproject\connectplayermfc\connectplayermfc\debug\vc140.idb
f:\myvsproject\connectplayermfc\connectplayermfc\debug\stdafx.obj
f:\myvsproject\connectplayermfc\connectplayermfc\debug\connectplayermfc.obj
f:\myvsproject\connectplayermfc\connectplayermfc\debug\connectplayermfcdlg.obj
f:\myvsproject\connectplayermfc\connectplayermfc\debug\gamecontrol.obj
f:\myvsproject\connectplayermfc\connectplayermfc\debug\gamedig.obj
f:\myvsproject\connectplayermfc\connectplayermfc\debug\gamelogic.obj
f:\myvsproject\connectplayermfc\connectplayermfc\debug\graph.obj
f:\myvsproject\connectplayermfc\connectplayermfc\debug\test.obj
f:\myvsproject\connectplayermfc\debug\connectplayermfc.ilk
f:\myvsproject\connectplayermfc\debug\connectplayermfc.exe
f:\myvsproject\connectplayermfc\debug\connectplayermfc.pdb
f:\myvsproject\connectplayermfc\connectplayermfc\debug\connectplayermfc.res
f:\myvsproject\connectplayermfc\connectplayermfc\debug\connectplayermfc.tlog\cl.command.1.tlog
f:\myvsproject\connectplayermfc\connectplayermfc\debug\connectplayermfc.tlog\cl.read.1.tlog
f:\myvsproject\connectplayermfc\connectplayermfc\debug\connectplayermfc.tlog\cl.write.1.tlog
f:\myvsproject\connectplayermfc\connectplayermfc\debug\connectplayermfc.tlog\link.command.1.tlog
f:\myvsproject\connectplayermfc\connectplayermfc\debug\connectplayermfc.tlog\link.read.1.tlog
f:\myvsproject\connectplayermfc\connectplayermfc\debug\connectplayermfc.tlog\link.write.1.tlog
f:\myvsproject\connectplayermfc\connectplayermfc\debug\connectplayermfc.tlog\rc.command.1.tlog
f:\myvsproject\connectplayermfc\connectplayermfc\debug\connectplayermfc.tlog\rc.read.1.tlog
f:\myvsproject\connectplayermfc\connectplayermfc\debug\connectplayermfc.tlog\rc.write.1.tlog
